07/16/2025 06:12:14 PM - INFO - ********** Test_TC01_Login **********
07/16/2025 06:12:14 PM - INFO - ********** Verifying Home Page Title **********
07/16/2025 06:12:17 PM - INFO - ********** Home Page Title Verified Successfully **********
07/16/2025 06:12:19 PM - INFO - ********** Verifying Login Functionality **********
07/16/2025 06:12:41 PM - INFO - ********** Login Successful **********
07/16/2025 08:12:12 PM - INFO - ********** Test_TC01_Login **********
07/16/2025 08:12:12 PM - INFO - ********** Verifying Home Page Title **********
07/16/2025 08:12:21 PM - INFO - ********** Home Page Title Verified Successfully **********
07/16/2025 08:12:23 PM - INFO - ********** Verifying Login Functionality **********
07/16/2025 08:12:45 PM - INFO - ********** Login Successful **********
07/21/2025 06:06:48 AM - INFO - ********** Test_TC02_Login_DDT **********
07/21/2025 06:06:48 AM - INFO - ********** Verifying Login DDT **********
07/21/2025 06:11:04 AM - INFO - ********** Test_TC02_Login_DDT **********
07/21/2025 06:11:04 AM - INFO - ********** Verifying Login DDT **********
07/21/2025 06:16:05 AM - INFO - ********** Test_TC02_Login_DDT **********
07/21/2025 06:16:05 AM - INFO - ********** Verifying Login DDT **********
07/21/2025 06:16:07 AM - INFO - Total number of rows in the Excel file: 5
07/21/2025 06:16:07 AM - INFO - Total number of columns in the Excel file: 3
07/21/2025 06:18:58 AM - INFO - ********** Test_TC02_Login_DDT **********
07/21/2025 06:18:58 AM - INFO - ********** Verifying Login DDT **********
07/21/2025 06:18:59 AM - INFO - Total number of rows in the Excel file: 5
07/21/2025 06:18:59 AM - INFO - Total number of columns in the Excel file: 3
07/21/2025 06:21:40 AM - INFO - ********** Test_TC02_Login_DDT **********
07/21/2025 06:21:40 AM - INFO - ********** Verifying Login DDT **********
07/21/2025 06:21:43 AM - INFO - Total number of rows in the Excel file: 5
07/21/2025 06:21:43 AM - INFO - Total number of columns in the Excel file: 3
07/21/2025 05:38:54 PM - INFO - ********** Test_TC02_Login_DDT **********
07/21/2025 05:38:54 PM - INFO - ********** Verifying Login DDT **********
07/21/2025 05:38:56 PM - INFO - Total number of rows in the Excel file: 5
07/21/2025 05:38:56 PM - INFO - Total number of columns in the Excel file: 3
07/21/2025 05:39:18 PM - INFO - ********** Login Failed as expected for username: abc@gmail.com and 3424gfh **********
07/21/2025 05:50:26 PM - INFO - ********** Test_TC02_Login_DDT **********
07/21/2025 05:50:26 PM - INFO - ********** Verifying Login DDT **********
07/21/2025 05:50:28 PM - INFO - Total number of rows in the Excel file: 5
07/21/2025 05:50:28 PM - INFO - Total number of columns in the Excel file: 3
07/21/2025 05:52:30 PM - INFO - ********** Test_TC02_Login_DDT **********
07/21/2025 05:52:30 PM - INFO - ********** Verifying Login DDT **********
07/21/2025 05:52:32 PM - INFO - Total number of rows in the Excel file: 5
07/21/2025 05:52:32 PM - INFO - Total number of columns in the Excel file: 3
07/21/2025 05:52:47 PM - INFO - ********** Login Failed as expected for username: abc@gmail.com and 3424gfh **********
07/21/2025 05:53:01 PM - INFO - ********** Login Failed as expected for username: admin@yourstore.com and adm23 **********
07/21/2025 05:53:14 PM - INFO - ********** Login Failed as expected for username: adm@gmail.com and admin **********
07/21/2025 05:53:56 PM - INFO - ********** Login Successful **********
07/21/2025 05:58:53 PM - INFO - ********** Test_TC01_Login **********
07/21/2025 05:58:53 PM - INFO - ********** Verifying Home Page Title **********
07/21/2025 05:58:55 PM - INFO - ********** Home Page Title Verified Successfully **********
07/21/2025 05:58:57 PM - INFO - ********** Verifying Login Functionality **********
07/21/2025 05:59:15 PM - INFO - ********** Login Successful **********
07/21/2025 05:59:56 PM - INFO - ********** Test_TC02_Login_DDT **********
07/21/2025 05:59:56 PM - INFO - ********** Verifying Login DDT **********
07/21/2025 05:59:57 PM - INFO - Total number of rows in the Excel file: 5
07/21/2025 05:59:57 PM - INFO - Total number of columns in the Excel file: 3
07/21/2025 06:00:14 PM - INFO - ********** Login Failed as expected for username: abc@gmail.com and 3424gfh **********
07/21/2025 06:00:28 PM - INFO - ********** Login Failed as expected for username: admin@yourstore.com and adm23 **********
07/21/2025 06:00:41 PM - INFO - ********** Login Failed as expected for username: adm@gmail.com and admin **********
07/21/2025 06:01:24 PM - INFO - ********** Login Successful **********
07/25/2025 07:01:20 AM - INFO - ********** Test_TC03_AddNewCustomer **********
07/25/2025 07:01:20 AM - INFO - ********** Adding New Customer **********
07/25/2025 07:01:20 AM - INFO - ********** Logging in to the application **********
07/25/2025 07:01:59 AM - INFO - ********** Login Successful **********
07/25/2025 07:01:59 AM - INFO - ********** Navigating to Add New Customer page **********
07/25/2025 07:02:00 AM - INFO - ********** Filling in customer details **********
07/25/2025 07:15:06 AM - INFO - ********** Test_TC03_AddNewCustomer **********
07/25/2025 07:15:06 AM - INFO - ********** Adding New Customer **********
07/25/2025 07:15:06 AM - INFO - ********** Logging in to the application **********
07/25/2025 07:15:28 AM - INFO - ********** Login Successful **********
07/25/2025 07:15:28 AM - INFO - ********** Navigating to Add New Customer page **********
07/25/2025 07:15:31 AM - INFO - ********** Filling in customer details **********
07/25/2025 07:22:34 AM - INFO - ********** Test_TC03_AddNewCustomer **********
07/25/2025 07:22:34 AM - INFO - ********** Adding New Customer **********
07/25/2025 07:22:34 AM - INFO - ********** Logging in to the application **********
07/25/2025 07:22:56 AM - INFO - ********** Login Successful **********
07/25/2025 07:22:56 AM - INFO - ********** Navigating to Add New Customer page **********
07/25/2025 07:22:59 AM - INFO - ********** Filling in customer details **********
07/25/2025 07:31:48 AM - INFO - ********** Test_TC03_AddNewCustomer **********
07/25/2025 07:31:48 AM - INFO - ********** Adding New Customer **********
07/25/2025 07:31:48 AM - INFO - ********** Logging in to the application **********
07/25/2025 07:32:09 AM - INFO - ********** Login Successful **********
07/25/2025 07:32:09 AM - INFO - ********** Navigating to Add New Customer page **********
07/25/2025 07:32:12 AM - INFO - ********** Filling in customer details **********
07/25/2025 07:53:43 AM - INFO - ********** Test_TC03_AddNewCustomer **********
07/25/2025 07:53:43 AM - INFO - ********** Test_TC03_AddNewCustomer **********
07/25/2025 07:53:43 AM - INFO - ********** Adding New Customer **********
07/25/2025 07:53:43 AM - INFO - ********** Logging in to the application **********
07/25/2025 07:54:03 AM - INFO - ********** Login Successful **********
07/25/2025 07:54:03 AM - INFO - ********** Navigating to Add New Customer page **********
07/25/2025 07:54:06 AM - INFO - ********** Filling in customer details **********
07/25/2025 07:54:07 AM - ERROR - ********** An error occurred: Message: no such element: Unable to locate element: {"method":"xpath","selector":"//span[@class='select2 select2-container select2-container--default select2-container--below select2-container--focus']//input[@role='searchbox']"}
  (Session info: chrome=137.0.7151.68); For documentation on this error, please visit: https://www.selenium.dev/documentation/webdriver/troubleshooting/errors#no-such-element-exception
Stacktrace:
#0 0x55925793645a <unknown>
#1 0x5592573db760 <unknown>
#2 0x55925742d127 <unknown>
#3 0x55925742d321 <unknown>
#4 0x55925747be94 <unknown>
#5 0x559257452e7d <unknown>
#6 0x55925747930b <unknown>
#7 0x559257452c23 <unknown>
#8 0x55925741f4a5 <unknown>
#9 0x559257420111 <unknown>
#10 0x5592578faf1b <unknown>
#11 0x5592578fee19 <unknown>
#12 0x5592578e1ac9 <unknown>
#13 0x5592578ff9c8 <unknown>
#14 0x5592578c634f <unknown>
#15 0x559257923a28 <unknown>
#16 0x559257923c06 <unknown>
#17 0x559257935336 <unknown>
#18 0x7abccca9caa4 <unknown>
#19 0x7abcccb29c3c <unknown>
 **********
07/25/2025 07:55:07 AM - INFO - ********** Test_TC03_AddNewCustomer **********
07/25/2025 07:55:07 AM - INFO - ********** Test_TC03_AddNewCustomer **********
07/25/2025 07:55:07 AM - INFO - ********** Adding New Customer **********
07/25/2025 07:55:07 AM - INFO - ********** Logging in to the application **********
07/25/2025 07:55:27 AM - INFO - ********** Login Successful **********
07/25/2025 07:55:27 AM - INFO - ********** Navigating to Add New Customer page **********
07/25/2025 07:55:29 AM - INFO - ********** Filling in customer details **********
07/25/2025 07:55:31 AM - ERROR - ********** An error occurred: 'AddNewCustomer' object has no attribute 'setAdminComment' **********
07/25/2025 07:58:08 AM - INFO - ********** Test_TC03_AddNewCustomer **********
07/25/2025 07:58:08 AM - INFO - ********** Test_TC03_AddNewCustomer **********
07/25/2025 07:58:08 AM - INFO - ********** Adding New Customer **********
07/25/2025 07:58:08 AM - INFO - ********** Logging in to the application **********
07/25/2025 07:58:27 AM - INFO - ********** Login Successful **********
07/25/2025 07:58:27 AM - INFO - ********** Navigating to Add New Customer page **********
07/25/2025 07:58:30 AM - INFO - ********** Filling in customer details **********
07/25/2025 07:58:33 AM - INFO - ********** Verify if the customer is added successfully **********
07/25/2025 07:58:34 AM - ERROR - ********** Customer addition failed: Expected 'The new customer has been added successfully.' but got '×
The new customer has been added successfully.' **********
07/25/2025 07:58:34 AM - ERROR - ********** An error occurred: Expected message is 'The new customer has been added successfully.' but got '×
  The new customer has been added successfully.'
assert False **********
07/25/2025 08:13:31 AM - INFO - ********** Test_TC03_AddNewCustomer **********
07/25/2025 08:13:31 AM - INFO - ********** Test_TC03_AddNewCustomer **********
07/25/2025 08:13:31 AM - INFO - ********** Adding New Customer **********
07/25/2025 08:13:31 AM - INFO - ********** Logging in to the application **********
07/25/2025 08:13:40 AM - INFO - ********** Login Successful **********
07/25/2025 08:13:40 AM - INFO - ********** Navigating to Add New Customer page **********
07/25/2025 08:13:43 AM - INFO - ********** Filling in customer details **********
07/25/2025 08:13:46 AM - INFO - ********** Verify if the customer is added successfully **********
07/25/2025 08:13:47 AM - INFO - ********** Customer added successfully **********
07/26/2025 04:58:57 AM - INFO - ********** Test_TC03_AddNewCustomer **********
07/26/2025 04:58:57 AM - INFO - ********** Test_TC03_AddNewCustomer **********
07/26/2025 04:58:57 AM - INFO - ********** Adding New Customer **********
07/26/2025 04:58:57 AM - INFO - ********** Logging in to the application **********
07/26/2025 04:59:10 AM - INFO - ********** Login Successful **********
07/26/2025 04:59:10 AM - INFO - ********** Navigating to Add New Customer page **********
07/26/2025 04:59:14 AM - INFO - ********** Filling in customer details **********
07/26/2025 04:59:14 AM - ERROR - ********** An error occurred: Message: no such element: Unable to locate element: {"method":"xpath","selector":"//li[@title="Registered"]/span[@class="select2-selection__choice__remove"]"}
  (Session info: chrome=137.0.7151.68); For documentation on this error, please visit: https://www.selenium.dev/documentation/webdriver/troubleshooting/errors#no-such-element-exception
Stacktrace:
#0 0x58635113a45a <unknown>
#1 0x586350bdf760 <unknown>
#2 0x586350c31127 <unknown>
#3 0x586350c31321 <unknown>
#4 0x586350c7fe94 <unknown>
#5 0x586350c56e7d <unknown>
#6 0x586350c7d30b <unknown>
#7 0x586350c56c23 <unknown>
#8 0x586350c234a5 <unknown>
#9 0x586350c24111 <unknown>
#10 0x5863510fef1b <unknown>
#11 0x586351102e19 <unknown>
#12 0x5863510e5ac9 <unknown>
#13 0x5863511039c8 <unknown>
#14 0x5863510ca34f <unknown>
#15 0x586351127a28 <unknown>
#16 0x586351127c06 <unknown>
#17 0x586351139336 <unknown>
#18 0x79984769caa4 <unknown>
#19 0x799847729c3c <unknown>
 **********
07/26/2025 05:10:56 AM - INFO - ********** Test_TC03_AddNewCustomer **********
07/26/2025 05:10:56 AM - INFO - ********** Test_TC03_AddNewCustomer **********
07/26/2025 05:10:56 AM - INFO - ********** Adding New Customer **********
07/26/2025 05:10:56 AM - INFO - ********** Logging in to the application **********
07/26/2025 05:11:07 AM - INFO - ********** Login Successful **********
07/26/2025 05:11:07 AM - INFO - ********** Navigating to Add New Customer page **********
07/26/2025 05:11:09 AM - INFO - ********** Filling in customer details **********
07/26/2025 05:11:10 AM - ERROR - ********** An error occurred: Message: no such element: Unable to locate element: {"method":"xpath","selector":"//li[@title="Registered"]/span[@class="select2-selection__choice__remove"]"}
  (Session info: chrome=137.0.7151.68); For documentation on this error, please visit: https://www.selenium.dev/documentation/webdriver/troubleshooting/errors#no-such-element-exception
Stacktrace:
#0 0x57e14ba6e45a <unknown>
#1 0x57e14b513760 <unknown>
#2 0x57e14b565127 <unknown>
#3 0x57e14b565321 <unknown>
#4 0x57e14b5b3e94 <unknown>
#5 0x57e14b58ae7d <unknown>
#6 0x57e14b5b130b <unknown>
#7 0x57e14b58ac23 <unknown>
#8 0x57e14b5574a5 <unknown>
#9 0x57e14b558111 <unknown>
#10 0x57e14ba32f1b <unknown>
#11 0x57e14ba36e19 <unknown>
#12 0x57e14ba19ac9 <unknown>
#13 0x57e14ba379c8 <unknown>
#14 0x57e14b9fe34f <unknown>
#15 0x57e14ba5ba28 <unknown>
#16 0x57e14ba5bc06 <unknown>
#17 0x57e14ba6d336 <unknown>
#18 0x75bd6869caa4 <unknown>
#19 0x75bd68729c3c <unknown>
 **********
07/26/2025 05:13:53 AM - INFO - ********** Test_TC03_AddNewCustomer **********
07/26/2025 05:13:53 AM - INFO - ********** Test_TC03_AddNewCustomer **********
07/26/2025 05:13:53 AM - INFO - ********** Adding New Customer **********
07/26/2025 05:13:53 AM - INFO - ********** Logging in to the application **********
07/26/2025 05:14:04 AM - INFO - ********** Login Successful **********
07/26/2025 05:14:04 AM - INFO - ********** Navigating to Add New Customer page **********
07/26/2025 05:14:07 AM - INFO - ********** Filling in customer details **********
07/26/2025 05:14:09 AM - ERROR - ********** An error occurred: Message: javascript error: arguments[0].click is not a function
  (Session info: chrome=137.0.7151.68)
Stacktrace:
#0 0x5efcf52ef45a <unknown>
#1 0x5efcf4d94760 <unknown>
#2 0x5efcf4d9b3f8 <unknown>
#3 0x5efcf4d9df67 <unknown>
#4 0x5efcf4e332f2 <unknown>
#5 0x5efcf4e0be52 <unknown>
#6 0x5efcf4e3230b <unknown>
#7 0x5efcf4e0bc23 <unknown>
#8 0x5efcf4dd84a5 <unknown>
#9 0x5efcf4dd9111 <unknown>
#10 0x5efcf52b3f1b <unknown>
#11 0x5efcf52b7e19 <unknown>
#12 0x5efcf529aac9 <unknown>
#13 0x5efcf52b89c8 <unknown>
#14 0x5efcf527f34f <unknown>
#15 0x5efcf52dca28 <unknown>
#16 0x5efcf52dcc06 <unknown>
#17 0x5efcf52ee336 <unknown>
#18 0x7cfd8fa9caa4 <unknown>
#19 0x7cfd8fb29c3c <unknown>
 **********
07/26/2025 05:21:51 AM - INFO - ********** Test_TC03_AddNewCustomer **********
07/26/2025 05:21:51 AM - INFO - ********** Test_TC03_AddNewCustomer **********
07/26/2025 05:21:51 AM - INFO - ********** Adding New Customer **********
07/26/2025 05:21:51 AM - INFO - ********** Logging in to the application **********
07/26/2025 05:22:01 AM - INFO - ********** Login Successful **********
07/26/2025 05:22:01 AM - INFO - ********** Navigating to Add New Customer page **********
07/26/2025 05:22:09 AM - INFO - ********** Filling in customer details **********
07/26/2025 05:22:11 AM - ERROR - ********** An error occurred: Message: no such element: Unable to locate element: {"method":"xpath","selector":"//span[@class='select2 select2-container select2-container--default select2-container--below select2-container--focus']//input[@role='searchbox']"}
  (Session info: chrome=137.0.7151.68); For documentation on this error, please visit: https://www.selenium.dev/documentation/webdriver/troubleshooting/errors#no-such-element-exception
Stacktrace:
#0 0x5a0c1391a45a <unknown>
#1 0x5a0c133bf760 <unknown>
#2 0x5a0c13411127 <unknown>
#3 0x5a0c13411321 <unknown>
#4 0x5a0c1345fe94 <unknown>
#5 0x5a0c13436e7d <unknown>
#6 0x5a0c1345d30b <unknown>
#7 0x5a0c13436c23 <unknown>
#8 0x5a0c134034a5 <unknown>
#9 0x5a0c13404111 <unknown>
#10 0x5a0c138def1b <unknown>
#11 0x5a0c138e2e19 <unknown>
#12 0x5a0c138c5ac9 <unknown>
#13 0x5a0c138e39c8 <unknown>
#14 0x5a0c138aa34f <unknown>
#15 0x5a0c13907a28 <unknown>
#16 0x5a0c13907c06 <unknown>
#17 0x5a0c13919336 <unknown>
#18 0x7b0e05e9caa4 <unknown>
#19 0x7b0e05f29c3c <unknown>
 **********
07/26/2025 05:26:26 AM - INFO - ********** Test_TC03_AddNewCustomer **********
07/26/2025 05:26:26 AM - INFO - ********** Test_TC03_AddNewCustomer **********
07/26/2025 05:26:26 AM - INFO - ********** Adding New Customer **********
07/26/2025 05:26:26 AM - INFO - ********** Logging in to the application **********
07/26/2025 05:26:36 AM - INFO - ********** Login Successful **********
07/26/2025 05:26:36 AM - INFO - ********** Navigating to Add New Customer page **********
07/26/2025 05:26:39 AM - INFO - ********** Filling in customer details **********
07/26/2025 05:26:41 AM - ERROR - ********** An error occurred: Message: no such element: Unable to locate element: {"method":"xpath","selector":"//span[@class='select2 select2-container select2-container--default select2-container--below select2-container--focus']//input[@role='searchbox']"}
  (Session info: chrome=137.0.7151.68); For documentation on this error, please visit: https://www.selenium.dev/documentation/webdriver/troubleshooting/errors#no-such-element-exception
Stacktrace:
#0 0x5d003985945a <unknown>
#1 0x5d00392fe760 <unknown>
#2 0x5d0039350127 <unknown>
#3 0x5d0039350321 <unknown>
#4 0x5d003939ee94 <unknown>
#5 0x5d0039375e7d <unknown>
#6 0x5d003939c30b <unknown>
#7 0x5d0039375c23 <unknown>
#8 0x5d00393424a5 <unknown>
#9 0x5d0039343111 <unknown>
#10 0x5d003981df1b <unknown>
#11 0x5d0039821e19 <unknown>
#12 0x5d0039804ac9 <unknown>
#13 0x5d00398229c8 <unknown>
#14 0x5d00397e934f <unknown>
#15 0x5d0039846a28 <unknown>
#16 0x5d0039846c06 <unknown>
#17 0x5d0039858336 <unknown>
#18 0x7ef6fdc9caa4 <unknown>
#19 0x7ef6fdd29c3c <unknown>
 **********
07/26/2025 05:28:41 AM - INFO - ********** Test_TC03_AddNewCustomer **********
07/26/2025 05:28:41 AM - INFO - ********** Test_TC03_AddNewCustomer **********
07/26/2025 05:28:41 AM - INFO - ********** Adding New Customer **********
07/26/2025 05:28:41 AM - INFO - ********** Logging in to the application **********
07/26/2025 05:28:51 AM - INFO - ********** Login Successful **********
07/26/2025 05:28:51 AM - INFO - ********** Navigating to Add New Customer page **********
07/26/2025 05:28:54 AM - INFO - ********** Filling in customer details **********
07/26/2025 05:28:56 AM - ERROR - ********** An error occurred: Message: javascript error: Cannot read properties of null (reading 'click')
  (Session info: chrome=137.0.7151.68)
Stacktrace:
#0 0x5c146373445a <unknown>
#1 0x5c14631d9760 <unknown>
#2 0x5c14631e03f8 <unknown>
#3 0x5c14631e2f67 <unknown>
#4 0x5c14632782f2 <unknown>
#5 0x5c1463250e52 <unknown>
#6 0x5c146327730b <unknown>
#7 0x5c1463250c23 <unknown>
#8 0x5c146321d4a5 <unknown>
#9 0x5c146321e111 <unknown>
#10 0x5c14636f8f1b <unknown>
#11 0x5c14636fce19 <unknown>
#12 0x5c14636dfac9 <unknown>
#13 0x5c14636fd9c8 <unknown>
#14 0x5c14636c434f <unknown>
#15 0x5c1463721a28 <unknown>
#16 0x5c1463721c06 <unknown>
#17 0x5c1463733336 <unknown>
#18 0x7136e649caa4 <unknown>
#19 0x7136e6529c3c <unknown>
 **********
07/26/2025 05:30:22 AM - INFO - ********** Test_TC03_AddNewCustomer **********
07/26/2025 05:30:22 AM - INFO - ********** Test_TC03_AddNewCustomer **********
07/26/2025 05:30:22 AM - INFO - ********** Adding New Customer **********
07/26/2025 05:30:22 AM - INFO - ********** Logging in to the application **********
07/26/2025 05:30:31 AM - INFO - ********** Login Successful **********
07/26/2025 05:30:31 AM - INFO - ********** Navigating to Add New Customer page **********
07/26/2025 05:30:33 AM - INFO - ********** Filling in customer details **********
07/26/2025 05:30:36 AM - ERROR - ********** An error occurred: Message: element click intercepted: Element <select class="form-control" data-val="true" data-val-required="The Manager of vendor field is required." id="VendorId" name="VendorId">...</select> is not clickable at point (1235, 638). Other element would receive the click: <li class="select2-results__option select2-results__option--highlighted" id="select2-SelectedCustomerRoleIds-result-tn3u-1" role="option" aria-selected="false" data-select2-id="select2-SelectedCustomerRoleIds-result-tn3u-1">...</li>
  (Session info: chrome=137.0.7151.68)
Stacktrace:
#0 0x598e76c0e45a <unknown>
#1 0x598e766b3760 <unknown>
#2 0x598e7670bf9c <unknown>
#3 0x598e76709e4a <unknown>
#4 0x598e767074a2 <unknown>
#5 0x598e76706bc0 <unknown>
#6 0x598e766f932d <unknown>
#7 0x598e7672ae52 <unknown>
#8 0x598e766f8caa <unknown>
#9 0x598e7672b01e <unknown>
#10 0x598e7675130b <unknown>
#11 0x598e7672ac23 <unknown>
#12 0x598e766f74a5 <unknown>
#13 0x598e766f8111 <unknown>
#14 0x598e76bd2f1b <unknown>
#15 0x598e76bd6e19 <unknown>
#16 0x598e76bb9ac9 <unknown>
#17 0x598e76bd79c8 <unknown>
#18 0x598e76b9e34f <unknown>
#19 0x598e76bfba28 <unknown>
#20 0x598e76bfbc06 <unknown>
#21 0x598e76c0d336 <unknown>
#22 0x7db45689caa4 <unknown>
#23 0x7db456929c3c <unknown>
 **********
07/26/2025 05:34:59 AM - INFO - ********** Test_TC03_AddNewCustomer **********
07/26/2025 05:34:59 AM - INFO - ********** Test_TC03_AddNewCustomer **********
07/26/2025 05:34:59 AM - INFO - ********** Adding New Customer **********
07/26/2025 05:34:59 AM - INFO - ********** Logging in to the application **********
07/26/2025 05:35:09 AM - INFO - ********** Login Successful **********
07/26/2025 05:35:09 AM - INFO - ********** Navigating to Add New Customer page **********
07/26/2025 05:35:12 AM - INFO - ********** Filling in customer details **********
07/26/2025 05:35:15 AM - ERROR - ********** An error occurred: Message: element click intercepted: Element <select class="form-control" data-val="true" data-val-required="The Manager of vendor field is required." id="VendorId" name="VendorId">...</select> is not clickable at point (1235, 638). Other element would receive the click: <li class="select2-results__option select2-results__option--highlighted" id="select2-SelectedCustomerRoleIds-result-od6l-1" role="option" aria-selected="false" data-select2-id="select2-SelectedCustomerRoleIds-result-od6l-1">...</li>
  (Session info: chrome=137.0.7151.68)
Stacktrace:
#0 0x5cdcf8af845a <unknown>
#1 0x5cdcf859d760 <unknown>
#2 0x5cdcf85f5f9c <unknown>
#3 0x5cdcf85f3e4a <unknown>
#4 0x5cdcf85f14a2 <unknown>
#5 0x5cdcf85f0bc0 <unknown>
#6 0x5cdcf85e332d <unknown>
#7 0x5cdcf8614e52 <unknown>
#8 0x5cdcf85e2caa <unknown>
#9 0x5cdcf861501e <unknown>
#10 0x5cdcf863b30b <unknown>
#11 0x5cdcf8614c23 <unknown>
#12 0x5cdcf85e14a5 <unknown>
#13 0x5cdcf85e2111 <unknown>
#14 0x5cdcf8abcf1b <unknown>
#15 0x5cdcf8ac0e19 <unknown>
#16 0x5cdcf8aa3ac9 <unknown>
#17 0x5cdcf8ac19c8 <unknown>
#18 0x5cdcf8a8834f <unknown>
#19 0x5cdcf8ae5a28 <unknown>
#20 0x5cdcf8ae5c06 <unknown>
#21 0x5cdcf8af7336 <unknown>
#22 0x7572eaa9caa4 <unknown>
#23 0x7572eab29c3c <unknown>
 **********
07/26/2025 05:37:56 AM - INFO - ********** Test_TC03_AddNewCustomer **********
07/26/2025 05:37:56 AM - INFO - ********** Test_TC03_AddNewCustomer **********
07/26/2025 05:37:56 AM - INFO - ********** Adding New Customer **********
07/26/2025 05:37:56 AM - INFO - ********** Logging in to the application **********
07/26/2025 05:38:06 AM - INFO - ********** Login Successful **********
07/26/2025 05:38:06 AM - INFO - ********** Navigating to Add New Customer page **********
07/26/2025 05:38:23 AM - INFO - ********** Filling in customer details **********
07/26/2025 05:38:26 AM - INFO - ********** Verify if the customer is added successfully **********
07/26/2025 05:38:27 AM - ERROR - ********** An error occurred: Message: no such element: Unable to locate element: {"method":"xpath","selector":"//div[@class="alert alert-success alert-dismissable"]"}
  (Session info: chrome=137.0.7151.68); For documentation on this error, please visit: https://www.selenium.dev/documentation/webdriver/troubleshooting/errors#no-such-element-exception
Stacktrace:
#0 0x561e45d6245a <unknown>
#1 0x561e45807760 <unknown>
#2 0x561e45859127 <unknown>
#3 0x561e45859321 <unknown>
#4 0x561e458a7e94 <unknown>
#5 0x561e4587ee7d <unknown>
#6 0x561e458a530b <unknown>
#7 0x561e4587ec23 <unknown>
#8 0x561e4584b4a5 <unknown>
#9 0x561e4584c111 <unknown>
#10 0x561e45d26f1b <unknown>
#11 0x561e45d2ae19 <unknown>
#12 0x561e45d0dac9 <unknown>
#13 0x561e45d2b9c8 <unknown>
#14 0x561e45cf234f <unknown>
#15 0x561e45d4fa28 <unknown>
#16 0x561e45d4fc06 <unknown>
#17 0x561e45d61336 <unknown>
#18 0x753eb4e9caa4 <unknown>
#19 0x753eb4f29c3c <unknown>
 **********
07/26/2025 05:40:54 AM - INFO - ********** Test_TC03_AddNewCustomer **********
07/26/2025 05:40:54 AM - INFO - ********** Test_TC03_AddNewCustomer **********
07/26/2025 05:40:54 AM - INFO - ********** Adding New Customer **********
07/26/2025 05:40:54 AM - INFO - ********** Logging in to the application **********
07/26/2025 05:41:04 AM - INFO - ********** Login Successful **********
07/26/2025 05:41:04 AM - INFO - ********** Navigating to Add New Customer page **********
07/26/2025 05:41:28 AM - INFO - ********** Filling in customer details **********
07/26/2025 05:41:30 AM - INFO - ********** Verify if the customer is added successfully **********
07/26/2025 05:41:31 AM - ERROR - ********** An error occurred: Message: no such element: Unable to locate element: {"method":"xpath","selector":"//div[@class="alert alert-success alert-dismissable"]"}
  (Session info: chrome=137.0.7151.68); For documentation on this error, please visit: https://www.selenium.dev/documentation/webdriver/troubleshooting/errors#no-such-element-exception
Stacktrace:
#0 0x5d30aa05545a <unknown>
#1 0x5d30a9afa760 <unknown>
#2 0x5d30a9b4c127 <unknown>
#3 0x5d30a9b4c321 <unknown>
#4 0x5d30a9b9ae94 <unknown>
#5 0x5d30a9b71e7d <unknown>
#6 0x5d30a9b9830b <unknown>
#7 0x5d30a9b71c23 <unknown>
#8 0x5d30a9b3e4a5 <unknown>
#9 0x5d30a9b3f111 <unknown>
#10 0x5d30aa019f1b <unknown>
#11 0x5d30aa01de19 <unknown>
#12 0x5d30aa000ac9 <unknown>
#13 0x5d30aa01e9c8 <unknown>
#14 0x5d30a9fe534f <unknown>
#15 0x5d30aa042a28 <unknown>
#16 0x5d30aa042c06 <unknown>
#17 0x5d30aa054336 <unknown>
#18 0x77a7ad09caa4 <unknown>
#19 0x77a7ad129c3c <unknown>
 **********
07/26/2025 05:41:56 AM - INFO - ********** Test_TC03_AddNewCustomer **********
07/26/2025 05:41:56 AM - INFO - ********** Test_TC03_AddNewCustomer **********
07/26/2025 05:41:56 AM - INFO - ********** Adding New Customer **********
07/26/2025 05:41:56 AM - INFO - ********** Logging in to the application **********
07/26/2025 05:42:06 AM - INFO - ********** Login Successful **********
07/26/2025 05:42:06 AM - INFO - ********** Navigating to Add New Customer page **********
07/26/2025 05:42:08 AM - INFO - ********** Filling in customer details **********
07/26/2025 05:42:11 AM - INFO - ********** Verify if the customer is added successfully **********
07/26/2025 05:42:11 AM - ERROR - ********** An error occurred: Message: no such element: Unable to locate element: {"method":"xpath","selector":"//div[@class="alert alert-success alert-dismissable"]"}
  (Session info: chrome=137.0.7151.68); For documentation on this error, please visit: https://www.selenium.dev/documentation/webdriver/troubleshooting/errors#no-such-element-exception
Stacktrace:
#0 0x5591eaf9745a <unknown>
#1 0x5591eaa3c760 <unknown>
#2 0x5591eaa8e127 <unknown>
#3 0x5591eaa8e321 <unknown>
#4 0x5591eaadce94 <unknown>
#5 0x5591eaab3e7d <unknown>
#6 0x5591eaada30b <unknown>
#7 0x5591eaab3c23 <unknown>
#8 0x5591eaa804a5 <unknown>
#9 0x5591eaa81111 <unknown>
#10 0x5591eaf5bf1b <unknown>
#11 0x5591eaf5fe19 <unknown>
#12 0x5591eaf42ac9 <unknown>
#13 0x5591eaf609c8 <unknown>
#14 0x5591eaf2734f <unknown>
#15 0x5591eaf84a28 <unknown>
#16 0x5591eaf84c06 <unknown>
#17 0x5591eaf96336 <unknown>
#18 0x7e5c6409caa4 <unknown>
#19 0x7e5c64129c3c <unknown>
 **********
07/26/2025 07:19:52 AM - INFO - ********** Test_TC03_AddNewCustomer **********
07/26/2025 07:19:52 AM - INFO - ********** Test_TC03_AddNewCustomer **********
07/26/2025 07:19:52 AM - INFO - ********** Adding New Customer **********
07/26/2025 07:19:52 AM - INFO - ********** Logging in to the application **********
07/26/2025 07:20:03 AM - INFO - ********** Login Successful **********
07/26/2025 07:20:03 AM - INFO - ********** Navigating to Add New Customer page **********
07/26/2025 07:20:05 AM - INFO - ********** Filling in customer details **********
07/26/2025 07:20:05 AM - INFO - Generated email: rnt5d1zz@gmail.com
07/26/2025 07:20:08 AM - INFO - ********** Verify if the customer is added successfully **********
07/26/2025 07:20:09 AM - ERROR - ********** An error occurred: Message: no such element: Unable to locate element: {"method":"xpath","selector":"//div[@class="alert alert-success alert-dismissable"]"}
  (Session info: chrome=137.0.7151.68); For documentation on this error, please visit: https://www.selenium.dev/documentation/webdriver/troubleshooting/errors#no-such-element-exception
Stacktrace:
#0 0x635b53f6045a <unknown>
#1 0x635b53a05760 <unknown>
#2 0x635b53a57127 <unknown>
#3 0x635b53a57321 <unknown>
#4 0x635b53aa5e94 <unknown>
#5 0x635b53a7ce7d <unknown>
#6 0x635b53aa330b <unknown>
#7 0x635b53a7cc23 <unknown>
#8 0x635b53a494a5 <unknown>
#9 0x635b53a4a111 <unknown>
#10 0x635b53f24f1b <unknown>
#11 0x635b53f28e19 <unknown>
#12 0x635b53f0bac9 <unknown>
#13 0x635b53f299c8 <unknown>
#14 0x635b53ef034f <unknown>
#15 0x635b53f4da28 <unknown>
#16 0x635b53f4dc06 <unknown>
#17 0x635b53f5f336 <unknown>
#18 0x7b6d3469caa4 <unknown>
#19 0x7b6d34729c3c <unknown>
 **********
07/26/2025 07:24:33 AM - INFO - ********** Test_TC03_AddNewCustomer **********
07/26/2025 07:24:33 AM - INFO - ********** Test_TC03_AddNewCustomer **********
07/26/2025 07:24:33 AM - INFO - ********** Adding New Customer **********
07/26/2025 07:24:33 AM - INFO - ********** Logging in to the application **********
07/26/2025 07:24:44 AM - INFO - ********** Login Successful **********
07/26/2025 07:24:44 AM - INFO - ********** Navigating to Add New Customer page **********
07/26/2025 07:24:46 AM - INFO - ********** Filling in customer details **********
07/26/2025 07:24:46 AM - INFO - Generated email: r6t03429@gmail.com
07/26/2025 07:24:48 AM - INFO - ********** Verify if the customer is added successfully **********
07/26/2025 07:24:49 AM - ERROR - ********** An error occurred: Message: no such element: Unable to locate element: {"method":"xpath","selector":"//div[@class="alert alert-success alert-dismissable"]"}
  (Session info: chrome=137.0.7151.68); For documentation on this error, please visit: https://www.selenium.dev/documentation/webdriver/troubleshooting/errors#no-such-element-exception
Stacktrace:
#0 0x624f4e7ea45a <unknown>
#1 0x624f4e28f760 <unknown>
#2 0x624f4e2e1127 <unknown>
#3 0x624f4e2e1321 <unknown>
#4 0x624f4e32fe94 <unknown>
#5 0x624f4e306e7d <unknown>
#6 0x624f4e32d30b <unknown>
#7 0x624f4e306c23 <unknown>
#8 0x624f4e2d34a5 <unknown>
#9 0x624f4e2d4111 <unknown>
#10 0x624f4e7aef1b <unknown>
#11 0x624f4e7b2e19 <unknown>
#12 0x624f4e795ac9 <unknown>
#13 0x624f4e7b39c8 <unknown>
#14 0x624f4e77a34f <unknown>
#15 0x624f4e7d7a28 <unknown>
#16 0x624f4e7d7c06 <unknown>
#17 0x624f4e7e9336 <unknown>
#18 0x7b587489caa4 <unknown>
#19 0x7b5874929c3c <unknown>
 **********
07/26/2025 07:25:33 AM - INFO - ********** Test_TC03_AddNewCustomer **********
07/26/2025 07:25:33 AM - INFO - ********** Test_TC03_AddNewCustomer **********
07/26/2025 07:25:33 AM - INFO - ********** Adding New Customer **********
07/26/2025 07:25:33 AM - INFO - ********** Logging in to the application **********
07/26/2025 07:25:43 AM - INFO - ********** Login Successful **********
07/26/2025 07:25:43 AM - INFO - ********** Navigating to Add New Customer page **********
07/26/2025 07:25:45 AM - INFO - ********** Filling in customer details **********
07/26/2025 07:25:45 AM - INFO - Generated email: 2mk441ee@gmail.com
07/26/2025 07:25:48 AM - INFO - ********** Verify if the customer is added successfully **********
07/26/2025 07:25:49 AM - INFO - ********** Customer added successfully **********
07/29/2025 02:50:40 AM - INFO - ********** Test_TC04_SearchCustomer **********
07/29/2025 02:50:40 AM - INFO - ********** Searching Customer by Email **********
07/29/2025 02:50:40 AM - INFO - ********** Logging in to the application **********
07/29/2025 02:50:49 AM - INFO - ********** Login Successful **********
07/29/2025 02:50:49 AM - INFO - ********** Navigating to Search Customer page **********
07/29/2025 02:59:19 AM - INFO - ********** Test_TC04_SearchCustomer **********
07/29/2025 02:59:19 AM - INFO - ********** Searching Customer by Email **********
07/29/2025 02:59:19 AM - INFO - ********** Logging in to the application **********
07/29/2025 02:59:30 AM - INFO - ********** Login Successful **********
07/29/2025 02:59:30 AM - INFO - ********** Navigating to Search Customer page **********
07/29/2025 03:04:42 AM - INFO - ********** Test_TC04_SearchCustomer **********
07/29/2025 03:04:42 AM - INFO - ********** Searching Customer by Email **********
07/29/2025 03:04:42 AM - INFO - ********** Logging in to the application **********
07/29/2025 03:04:52 AM - INFO - ********** Login Successful **********
07/29/2025 03:04:52 AM - INFO - ********** Navigating to Search Customer page **********
07/29/2025 03:04:57 AM - INFO - ********** Searching for customer by email **********
07/29/2025 03:08:12 AM - INFO - ********** Test_TC04_SearchCustomer **********
07/29/2025 03:08:12 AM - INFO - ********** Searching Customer by Email **********
07/29/2025 03:08:12 AM - INFO - ********** Logging in to the application **********
07/29/2025 03:08:22 AM - INFO - ********** Login Successful **********
07/29/2025 03:08:22 AM - INFO - ********** Navigating to Search Customer page **********
07/29/2025 03:08:27 AM - INFO - ********** Searching for customer by email **********
07/29/2025 03:08:27 AM - INFO - Captured Name: Steve Gates
07/29/2025 03:08:27 AM - INFO - Customer Found: Steve Gates
07/29/2025 03:08:27 AM - INFO - ********** Search Customer by Email Test Passed **********
07/29/2025 03:38:27 AM - INFO - ********** Test_TC05_SearchCustomerByName **********
07/29/2025 03:38:27 AM - INFO - ********** Searching Customer by Name **********
07/29/2025 03:38:27 AM - INFO - ********** Logging in to the application **********
07/29/2025 03:38:42 AM - INFO - ********** Login Successful **********
07/29/2025 03:38:42 AM - INFO - ********** Navigating to Search Customer page **********
07/29/2025 03:38:47 AM - INFO - ********** Searching for customer by name **********
07/29/2025 03:41:08 AM - INFO - ********** Test_TC05_SearchCustomerByName **********
07/29/2025 03:41:08 AM - INFO - ********** Searching Customer by Name **********
07/29/2025 03:41:08 AM - INFO - ********** Logging in to the application **********
07/29/2025 03:41:18 AM - INFO - ********** Login Successful **********
07/29/2025 03:41:18 AM - INFO - ********** Navigating to Search Customer page **********
07/29/2025 03:41:23 AM - INFO - ********** Searching for customer by name **********
07/29/2025 03:41:23 AM - INFO - Captured Email: steve_gates@nopCommerce.com
07/29/2025 03:41:23 AM - INFO - Customer Found: steve_gates@nopCommerce.com
07/29/2025 03:41:23 AM - INFO - ********** Search Customer by Name Test Passed **********
07/29/2025 04:58:26 AM - INFO - ********** Test_TC03_AddNewCustomer **********
07/29/2025 04:58:26 AM - INFO - ********** Test_TC03_AddNewCustomer **********
07/29/2025 04:58:26 AM - INFO - ********** Adding New Customer **********
07/29/2025 04:58:26 AM - INFO - ********** Logging in to the application **********
07/29/2025 04:58:37 AM - INFO - ********** Login Successful **********
07/29/2025 04:58:37 AM - INFO - ********** Navigating to Add New Customer page **********
07/29/2025 04:58:40 AM - INFO - ********** Filling in customer details **********
07/29/2025 04:58:40 AM - INFO - Generated email: 5dohub0i@gmail.com
07/29/2025 04:58:44 AM - INFO - ********** Verify if the customer is added successfully **********
07/29/2025 04:58:44 AM - INFO - ********** Customer added successfully **********
07/29/2025 04:58:46 AM - INFO - ********** Test_TC01_Login **********
07/29/2025 04:58:46 AM - INFO - ********** Verifying Home Page Title **********
07/29/2025 04:58:49 AM - INFO - ********** Home Page Title Verified Successfully **********
07/29/2025 04:58:51 AM - INFO - ********** Verifying Login Functionality **********
07/29/2025 04:59:11 AM - INFO - ********** Login Successful **********
07/31/2025 06:14:59 AM - INFO - ********** Test_TC01_Login **********
07/31/2025 06:14:59 AM - INFO - ********** Verifying Home Page Title **********
07/31/2025 06:15:01 AM - INFO - ********** Home Page Title Verified Successfully **********
07/31/2025 06:15:03 AM - INFO - ********** Verifying Login Functionality **********
07/31/2025 06:15:21 AM - INFO - ********** Login Successful **********
07/31/2025 06:16:07 AM - INFO - ********** Test_TC03_AddNewCustomer **********
07/31/2025 06:16:07 AM - INFO - ********** Test_TC03_AddNewCustomer **********
07/31/2025 06:16:07 AM - INFO - ********** Adding New Customer **********
07/31/2025 06:16:07 AM - INFO - ********** Logging in to the application **********
07/31/2025 06:16:18 AM - INFO - ********** Login Successful **********
07/31/2025 06:16:18 AM - INFO - ********** Navigating to Add New Customer page **********
07/31/2025 06:16:20 AM - INFO - ********** Filling in customer details **********
07/31/2025 06:16:20 AM - INFO - Generated email: 5zvjdwmx@gmail.com
07/31/2025 06:16:23 AM - INFO - ********** Verify if the customer is added successfully **********
07/31/2025 06:16:23 AM - INFO - ********** Customer added successfully **********
07/31/2025 06:16:26 AM - INFO - ********** Test_TC01_Login **********
07/31/2025 06:16:26 AM - INFO - ********** Verifying Home Page Title **********
07/31/2025 06:16:27 AM - INFO - ********** Home Page Title Verified Successfully **********
07/31/2025 06:16:29 AM - INFO - ********** Verifying Login Functionality **********
07/31/2025 06:16:45 AM - INFO - ********** Login Successful **********
07/31/2025 06:16:49 AM - INFO - ********** Test_TC02_Login_DDT **********
07/31/2025 06:16:49 AM - INFO - ********** Verifying Login DDT **********
07/31/2025 06:16:50 AM - INFO - Total number of rows in the Excel file: 5
07/31/2025 06:16:50 AM - INFO - Total number of columns in the Excel file: 3
07/31/2025 06:17:04 AM - INFO - ********** Login Failed as expected for username: abc@gmail.com and 3424gfh **********
07/31/2025 06:17:18 AM - INFO - ********** Login Failed as expected for username: admin@yourstore.com and adm23 **********
07/31/2025 06:17:32 AM - INFO - ********** Login Failed as expected for username: adm@gmail.com and admin **********
07/31/2025 06:17:57 AM - INFO - ********** Login Successful **********
07/31/2025 06:17:59 AM - INFO - ********** Test_TC04_SearchCustomer **********
07/31/2025 06:17:59 AM - INFO - ********** Searching Customer by Email **********
07/31/2025 06:17:59 AM - INFO - ********** Logging in to the application **********
07/31/2025 06:18:10 AM - INFO - ********** Login Successful **********
07/31/2025 06:18:10 AM - INFO - ********** Navigating to Search Customer page **********
07/31/2025 06:18:16 AM - INFO - ********** Searching for customer by email **********
07/31/2025 06:18:16 AM - INFO - Captured Name: cu1lm4nl xyz78
07/31/2025 06:18:18 AM - INFO - ********** Test_TC05_SearchCustomerByName **********
07/31/2025 06:18:18 AM - INFO - ********** Searching Customer by Name **********
07/31/2025 06:18:18 AM - INFO - ********** Logging in to the application **********
07/31/2025 06:18:33 AM - INFO - ********** Login Successful **********
07/31/2025 06:18:33 AM - INFO - ********** Navigating to Search Customer page **********
07/31/2025 06:18:38 AM - INFO - ********** Searching for customer by name **********
07/31/2025 06:18:39 AM - INFO - Captured Email: 5zvjdwmx@gmail.com
07/31/2025 07:30:59 AM - INFO - ********** Test_TC04_SearchCustomer **********
07/31/2025 07:30:59 AM - INFO - ********** Searching Customer by Email **********
07/31/2025 07:30:59 AM - INFO - ********** Logging in to the application **********
07/31/2025 07:31:10 AM - INFO - ********** Login Successful **********
07/31/2025 07:31:10 AM - INFO - ********** Navigating to Search Customer page **********
07/31/2025 07:31:16 AM - INFO - ********** Searching for customer by email **********
07/31/2025 07:31:16 AM - INFO - Captured Name: Steve Gates
07/31/2025 07:31:16 AM - INFO - Customer Found: Steve Gates
07/31/2025 07:31:16 AM - INFO - ********** Search Customer by Email Test Passed **********
07/31/2025 07:31:19 AM - INFO - ********** Test_TC04_SearchCustomer **********
07/31/2025 07:31:19 AM - INFO - ********** Searching Customer by Email **********
07/31/2025 07:31:19 AM - INFO - ********** Logging in to the application **********
07/31/2025 07:31:30 AM - INFO - ********** Login Successful **********
07/31/2025 07:31:30 AM - INFO - ********** Navigating to Search Customer page **********
07/31/2025 07:31:35 AM - INFO - ********** Searching for customer by email **********
07/31/2025 07:31:35 AM - INFO - Captured Name: Steve Gates
07/31/2025 07:31:35 AM - INFO - Customer Found: Steve Gates
07/31/2025 07:31:35 AM - INFO - ********** Search Customer by Name Test Passed **********
07/31/2025 07:37:39 AM - INFO - ********** Test_TC04_SearchCustomerByEmail **********
07/31/2025 07:37:39 AM - INFO - ********** Searching Customer by Email **********
07/31/2025 07:37:39 AM - INFO - ********** Logging in to the application **********
07/31/2025 07:37:49 AM - INFO - ********** Login Successful **********
07/31/2025 07:37:49 AM - INFO - ********** Navigating to Search Customer page **********
07/31/2025 07:37:54 AM - INFO - ********** Searching for customer by email **********
07/31/2025 07:37:55 AM - INFO - Captured Name: Steve Gates
07/31/2025 07:37:55 AM - INFO - Customer Found: Steve Gates
07/31/2025 07:37:55 AM - INFO - ********** Search Customer by Email Test Passed **********
07/31/2025 07:38:11 AM - INFO - ********** Test_TC05_SearchCustomerByName **********
07/31/2025 07:38:11 AM - INFO - ********** Searching Customer by Name **********
07/31/2025 07:38:11 AM - INFO - ********** Logging in to the application **********
07/31/2025 07:38:21 AM - INFO - ********** Login Successful **********
07/31/2025 07:38:21 AM - INFO - ********** Navigating to Search Customer page **********
07/31/2025 07:38:27 AM - INFO - ********** Searching for customer by name **********
07/31/2025 07:38:27 AM - INFO - Captured Email: steve_gates@nopCommerce.com
07/31/2025 07:38:27 AM - INFO - Customer Found: steve_gates@nopCommerce.com
07/31/2025 07:38:27 AM - INFO - ********** Search Customer by Name Test Passed **********
07/31/2025 07:38:57 AM - INFO - ********** Test_TC03_AddNewCustomer **********
07/31/2025 07:38:57 AM - INFO - ********** Test_TC03_AddNewCustomer **********
07/31/2025 07:38:57 AM - INFO - ********** Adding New Customer **********
07/31/2025 07:38:57 AM - INFO - ********** Logging in to the application **********
07/31/2025 07:39:07 AM - INFO - ********** Login Successful **********
07/31/2025 07:39:07 AM - INFO - ********** Navigating to Add New Customer page **********
07/31/2025 07:39:09 AM - INFO - ********** Filling in customer details **********
07/31/2025 07:39:09 AM - INFO - Generated email: 2nwaq453@gmail.com
07/31/2025 07:39:12 AM - INFO - ********** Verify if the customer is added successfully **********
07/31/2025 07:39:12 AM - INFO - ********** Customer added successfully **********
07/31/2025 07:39:15 AM - INFO - ********** Test_TC01_Login **********
07/31/2025 07:39:15 AM - INFO - ********** Verifying Home Page Title **********
07/31/2025 07:39:17 AM - INFO - ********** Home Page Title Verified Successfully **********
07/31/2025 07:39:19 AM - INFO - ********** Verifying Login Functionality **********
07/31/2025 07:39:36 AM - INFO - ********** Login Successful **********
07/31/2025 07:39:40 AM - INFO - ********** Test_TC02_Login_DDT **********
07/31/2025 07:39:40 AM - INFO - ********** Verifying Login DDT **********
07/31/2025 07:39:41 AM - INFO - Total number of rows in the Excel file: 5
07/31/2025 07:39:41 AM - INFO - Total number of columns in the Excel file: 3
07/31/2025 07:39:55 AM - INFO - ********** Login Failed as expected for username: abc@gmail.com and 3424gfh **********
07/31/2025 07:40:08 AM - INFO - ********** Login Failed as expected for username: admin@yourstore.com and adm23 **********
07/31/2025 07:40:22 AM - INFO - ********** Login Failed as expected for username: adm@gmail.com and admin **********
07/31/2025 07:40:48 AM - INFO - ********** Login Successful **********
07/31/2025 07:40:50 AM - INFO - ********** Test_TC04_SearchCustomerByEmail **********
07/31/2025 07:40:50 AM - INFO - ********** Searching Customer by Email **********
07/31/2025 07:40:50 AM - INFO - ********** Logging in to the application **********
07/31/2025 07:41:02 AM - INFO - ********** Login Successful **********
07/31/2025 07:41:02 AM - INFO - ********** Navigating to Search Customer page **********
07/31/2025 07:41:07 AM - INFO - ********** Searching for customer by email **********
07/31/2025 07:41:07 AM - INFO - Captured Name: qnntm9bf xyz78
07/31/2025 07:41:07 AM - ERROR - Customer not found. Expected: Steve Gates, but got: qnntm9bf xyz78
07/31/2025 07:41:10 AM - INFO - ********** Test_TC05_SearchCustomerByName **********
07/31/2025 07:41:10 AM - INFO - ********** Searching Customer by Name **********
07/31/2025 07:41:10 AM - INFO - ********** Logging in to the application **********
07/31/2025 07:41:21 AM - INFO - ********** Login Successful **********
07/31/2025 07:41:21 AM - INFO - ********** Navigating to Search Customer page **********
07/31/2025 07:41:27 AM - INFO - ********** Searching for customer by name **********
07/31/2025 07:41:27 AM - INFO - Captured Email: 2nwaq453@gmail.com
07/31/2025 07:47:07 AM - INFO - ********** Test_TC03_AddNewCustomer **********
07/31/2025 07:47:07 AM - INFO - ********** Test_TC03_AddNewCustomer **********
07/31/2025 07:47:07 AM - INFO - ********** Adding New Customer **********
07/31/2025 07:47:07 AM - INFO - ********** Logging in to the application **********
07/31/2025 07:47:18 AM - INFO - ********** Login Successful **********
07/31/2025 07:47:18 AM - INFO - ********** Navigating to Add New Customer page **********
07/31/2025 07:47:21 AM - INFO - ********** Filling in customer details **********
07/31/2025 07:47:21 AM - INFO - Generated email: 4umne9u7@gmail.com
07/31/2025 07:47:24 AM - INFO - ********** Verify if the customer is added successfully **********
07/31/2025 07:47:25 AM - INFO - ********** Customer added successfully **********
07/31/2025 07:47:27 AM - INFO - ********** Test_TC01_Login **********
07/31/2025 07:47:27 AM - INFO - ********** Verifying Home Page Title **********
07/31/2025 07:47:29 AM - INFO - ********** Home Page Title Verified Successfully **********
07/31/2025 07:47:31 AM - INFO - ********** Verifying Login Functionality **********
07/31/2025 07:47:42 AM - INFO - ********** Login Successful **********
07/31/2025 07:47:45 AM - INFO - ********** Test_TC02_Login_DDT **********
07/31/2025 07:47:45 AM - INFO - ********** Verifying Login DDT **********
07/31/2025 07:47:47 AM - INFO - Total number of rows in the Excel file: 5
07/31/2025 07:47:47 AM - INFO - Total number of columns in the Excel file: 3
07/31/2025 07:47:54 AM - INFO - ********** Login Failed as expected for username: abc@gmail.com and 3424gfh **********
07/31/2025 07:48:00 AM - INFO - ********** Login Failed as expected for username: admin@yourstore.com and adm23 **********
07/31/2025 07:48:07 AM - INFO - ********** Login Failed as expected for username: adm@gmail.com and admin **********
07/31/2025 07:48:20 AM - INFO - ********** Login Successful **********
07/31/2025 07:48:23 AM - INFO - ********** Test_TC04_SearchCustomerByEmail **********
07/31/2025 07:48:23 AM - INFO - ********** Searching Customer by Email **********
07/31/2025 07:48:23 AM - INFO - ********** Logging in to the application **********
07/31/2025 07:48:31 AM - INFO - ********** Login Successful **********
07/31/2025 07:48:31 AM - INFO - ********** Navigating to Search Customer page **********
07/31/2025 07:48:35 AM - INFO - ********** Searching for customer by email **********
07/31/2025 07:48:38 AM - INFO - Captured Name: Steve Gates
07/31/2025 07:48:38 AM - INFO - Customer Found: Steve Gates
07/31/2025 07:48:38 AM - INFO - ********** Search Customer by Email Test Passed **********
07/31/2025 07:48:41 AM - INFO - ********** Test_TC05_SearchCustomerByName **********
07/31/2025 07:48:41 AM - INFO - ********** Searching Customer by Name **********
07/31/2025 07:48:41 AM - INFO - ********** Logging in to the application **********
07/31/2025 07:48:51 AM - INFO - ********** Login Successful **********
07/31/2025 07:48:51 AM - INFO - ********** Navigating to Search Customer page **********
07/31/2025 07:48:56 AM - INFO - ********** Searching for customer by name **********
07/31/2025 07:48:59 AM - INFO - Captured Email: steve_gates@nopCommerce.com
07/31/2025 07:48:59 AM - INFO - Customer Found: steve_gates@nopCommerce.com
07/31/2025 07:48:59 AM - INFO - ********** Search Customer by Name Test Passed **********
07/31/2025 09:57:38 AM - INFO - ********** Test_TC03_AddNewCustomer **********
07/31/2025 09:57:38 AM - INFO - ********** Test_TC03_AddNewCustomer **********
07/31/2025 09:57:38 AM - INFO - ********** Adding New Customer **********
07/31/2025 09:57:38 AM - INFO - ********** Logging in to the application **********
07/31/2025 09:57:49 AM - INFO - ********** Login Successful **********
07/31/2025 09:57:49 AM - INFO - ********** Navigating to Add New Customer page **********
07/31/2025 09:57:53 AM - INFO - ********** Filling in customer details **********
07/31/2025 09:57:53 AM - INFO - Generated email: burpp2rz@gmail.com
07/31/2025 09:57:57 AM - INFO - ********** Verify if the customer is added successfully **********
07/31/2025 09:57:57 AM - INFO - ********** Customer added successfully **********
07/31/2025 09:57:59 AM - INFO - ********** Test_TC01_Login **********
07/31/2025 09:57:59 AM - INFO - ********** Verifying Home Page Title **********
07/31/2025 09:58:01 AM - INFO - ********** Home Page Title Verified Successfully **********
07/31/2025 09:58:03 AM - INFO - ********** Verifying Login Functionality **********
07/31/2025 09:58:15 AM - INFO - ********** Login Successful **********
07/31/2025 09:58:20 AM - INFO - ********** Test_TC02_Login_DDT **********
07/31/2025 09:58:20 AM - INFO - ********** Verifying Login DDT **********
07/31/2025 09:58:21 AM - INFO - Total number of rows in the Excel file: 5
07/31/2025 09:58:21 AM - INFO - Total number of columns in the Excel file: 3
07/31/2025 09:58:29 AM - INFO - ********** Login Failed as expected for username: abc@gmail.com and 3424gfh **********
07/31/2025 09:58:36 AM - INFO - ********** Login Failed as expected for username: admin@yourstore.com and adm23 **********
07/31/2025 09:58:43 AM - INFO - ********** Login Failed as expected for username: adm@gmail.com and admin **********
07/31/2025 09:59:10 AM - INFO - ********** Login Successful **********
07/31/2025 09:59:13 AM - INFO - ********** Test_TC04_SearchCustomerByEmail **********
07/31/2025 09:59:13 AM - INFO - ********** Searching Customer by Email **********
07/31/2025 09:59:13 AM - INFO - ********** Logging in to the application **********
07/31/2025 09:59:22 AM - INFO - ********** Login Successful **********
07/31/2025 09:59:22 AM - INFO - ********** Navigating to Search Customer page **********
07/31/2025 09:59:27 AM - INFO - ********** Searching for customer by email **********
07/31/2025 09:59:31 AM - INFO - Captured Name: Steve Gates
07/31/2025 09:59:31 AM - INFO - Customer Found: Steve Gates
07/31/2025 09:59:31 AM - INFO - ********** Search Customer by Email Test Passed **********
07/31/2025 09:59:34 AM - INFO - ********** Test_TC05_SearchCustomerByName **********
07/31/2025 09:59:34 AM - INFO - ********** Searching Customer by Name **********
07/31/2025 09:59:34 AM - INFO - ********** Logging in to the application **********
07/31/2025 09:59:46 AM - INFO - ********** Login Successful **********
07/31/2025 09:59:46 AM - INFO - ********** Navigating to Search Customer page **********
07/31/2025 09:59:52 AM - INFO - ********** Searching for customer by name **********
07/31/2025 09:59:56 AM - INFO - Captured Email: steve_gates@nopCommerce.com
07/31/2025 09:59:56 AM - INFO - Customer Found: steve_gates@nopCommerce.com
07/31/2025 09:59:56 AM - INFO - ********** Search Customer by Name Test Passed **********
